<?xml version="1.0" encoding="UTF-8"?>
<testsuite xmlns:xsi="http://www.w3.org/2001/XMLSchema-instance" xsi:noNamespaceSchemaLocation="https://maven.apache.org/surefire/maven-surefire-plugin/xsd/surefire-test-report.xsd" name="com.atguigu.admin.Junit5Test" time="1.606" tests="16" errors="0" skipped="2" failures="4">
  <properties>
[...]
</properties>
  <testcase name="timeoutTest" classname="com.atguigu.admin.Junit5Test" time="1.516">
    <failure message="超时了咧！ ==&gt; execution exceeded timeout of 1000 ms by 507 ms" type="org.opentest4j.AssertionFailedError">org.opentest4j.AssertionFailedError: 超时了咧！ ==> execution exceeded timeout of 1000 ms by 507 ms
	at com.atguigu.admin.Junit5Test.timeoutTest(Junit5Test.java:81)
</failure>
    <system-out><![CDATA[2022-04-25 17:40:16.875  INFO 13572 --- [           main] .b.t.c.SpringBootTestContextBootstrapper : Neither @ContextConfiguration nor @ContextHierarchy found for test class [com.atguigu.admin.Junit5Test], using SpringBootContextLoader
2022-04-25 17:40:16.875  INFO 13572 --- [           main] o.s.t.c.support.AbstractContextLoader    : Could not detect default resource locations for test class [com.atguigu.admin.Junit5Test]: no resource found for suffixes {-context.xml, Context.groovy}.
2022-04-25 17:40:16.876  INFO 13572 --- [           main] t.c.s.AnnotationConfigContextLoaderUtils : Could not detect default configuration classes for test class [com.atguigu.admin.Junit5Test]: Junit5Test does not declare any static, non-private, non-final, nested classes annotated with @Configuration.
2022-04-25 17:40:16.877  INFO 13572 --- [           main] .b.t.c.SpringBootTestContextBootstrapper : Found @SpringBootConfiguration com.atguigu.admin.Boot05WebAdminApplication for test class com.atguigu.admin.Junit5Test
2022-04-25 17:40:16.878  INFO 13572 --- [           main] .b.t.c.SpringBootTestContextBootstrapper : Loaded default TestExecutionListener class names from location [META-INF/spring.factories]: [org.springframework.boot.test.mock.mockito.MockitoTestExecutionListener, org.springframework.boot.test.mock.mockito.ResetMocksTestExecutionListener, org.springframework.boot.test.autoconfigure.restdocs.RestDocsTestExecutionListener, org.springframework.boot.test.autoconfigure.web.client.MockRestServiceServerResetTestExecutionListener, org.springframework.boot.test.autoconfigure.web.servlet.MockMvcPrintOnlyOnFailureTestExecutionListener, org.springframework.boot.test.autoconfigure.web.servlet.WebDriverTestExecutionListener, org.springframework.boot.test.autoconfigure.webservices.client.MockWebServiceServerTestExecutionListener, org.springframework.test.context.web.ServletTestExecutionListener, org.springframework.test.context.support.DirtiesContextBeforeModesTestExecutionListener, org.springframework.test.context.event.ApplicationEventsTestExecutionListener, org.springframework.test.context.support.DependencyInjectionTestExecutionListener, org.springframework.test.context.support.DirtiesContextTestExecutionListener, org.springframework.test.context.transaction.TransactionalTestExecutionListener, org.springframework.test.context.jdbc.SqlScriptsTestExecutionListener, org.springframework.test.context.event.EventPublishingTestExecutionListener]
2022-04-25 17:40:16.878  INFO 13572 --- [           main] .b.t.c.SpringBootTestContextBootstrapper : Using TestExecutionListeners: [org.springframework.test.context.web.ServletTestExecutionListener@59a2388e, org.springframework.test.context.support.DirtiesContextBeforeModesTestExecutionListener@186d8a71, org.springframework.test.context.event.ApplicationEventsTestExecutionListener@3dc40ab9, org.springframework.boot.test.mock.mockito.MockitoTestExecutionListener@2db6d68d, org.springframework.boot.test.autoconfigure.SpringBootDependencyInjectionTestExecutionListener@6518fdfd, org.springframework.test.context.support.DirtiesContextTestExecutionListener@11d2dd2d, org.springframework.test.context.transaction.TransactionalTestExecutionListener@cde8c6c, org.springframework.test.context.jdbc.SqlScriptsTestExecutionListener@174721c4, org.springframework.test.context.event.EventPublishingTestExecutionListener@3592c1c4, org.springframework.boot.test.mock.mockito.ResetMocksTestExecutionListener@322e49ee, org.springframework.boot.test.autoconfigure.restdocs.RestDocsTestExecutionListener@4aeb0e2b, org.springframework.boot.test.autoconfigure.web.client.MockRestServiceServerResetTestExecutionListener@648c5fb3, org.springframework.boot.test.autoconfigure.web.servlet.MockMvcPrintOnlyOnFailureTestExecutionListener@47b33e07, org.springframework.boot.test.autoconfigure.web.servlet.WebDriverTestExecutionListener@7126e26, org.springframework.boot.test.autoconfigure.webservices.client.MockWebServiceServerTestExecutionListener@151ab2b9]
所有测试就要开始了!
测试就要开始了!
测试已经结束了!
]]></system-out>
  </testcase>
  <testcase name="testTimeOut" classname="com.atguigu.admin.Junit5Test" time="0.012"/>
  <testcase name="shouldFail" classname="com.atguigu.admin.Junit5Test" time="0.004"/>
  <testcase name="all" classname="com.atguigu.admin.Junit5Test" time="0.01">
    <failure message="test (2 failures)&#10;	org.opentest4j.AssertionFailedError: expected: &lt;2&gt; but was: &lt;1&gt;&#10;	org.opentest4j.AssertionFailedError: 不一样捏! ==&gt; array contents differ at index [0], expected: &lt;2&gt; but was: &lt;1&gt;" type="org.opentest4j.MultipleFailuresError"><![CDATA[org.opentest4j.MultipleFailuresError: 
test (2 failures)
	org.opentest4j.AssertionFailedError: expected: <2> but was: <1>
	org.opentest4j.AssertionFailedError: 不一样捏! ==> array contents differ at index [0], expected: <2> but was: <1>
	at com.atguigu.admin.Junit5Test.all(Junit5Test.java:88)
]]></failure>
    <system-out><![CDATA[测试就要开始了!
测试已经结束了!
]]></system-out>
  </testcase>
  <testcase name="array" classname="com.atguigu.admin.Junit5Test" time="0.003"/>
  <testcase name="test2" classname="com.atguigu.admin.Junit5Test" time="0">
    <skipped message="void com.atguigu.admin.Junit5Test.test2() is @Disabled"/>
  </testcase>
  <testcase name="test3" classname="com.atguigu.admin.Junit5Test" time="0.003"/>
  <testcase name="test3[1]" classname="com.atguigu.admin.Junit5Test" time="0.004"/>
  <testcase name="test3[2]" classname="com.atguigu.admin.Junit5Test" time="0.002"/>
  <testcase name="test3[3]" classname="com.atguigu.admin.Junit5Test" time="0.002"/>
  <testcase name="test3[4]" classname="com.atguigu.admin.Junit5Test" time="0.002"/>
  <testcase name="test3[5]" classname="com.atguigu.admin.Junit5Test" time="0.003"/>
  <testcase name="exceptionTest" classname="com.atguigu.admin.Junit5Test" time="0.004">
    <failure message="数学看来不是体育老师教的! ==&gt; Expected java.lang.ArithmeticException to be thrown, but nothing was thrown." type="org.opentest4j.AssertionFailedError">org.opentest4j.AssertionFailedError: 数学看来不是体育老师教的! ==> Expected java.lang.ArithmeticException to be thrown, but nothing was thrown.
	at com.atguigu.admin.Junit5Test.exceptionTest(Junit5Test.java:71)
</failure>
    <system-out><![CDATA[测试就要开始了!
测试已经结束了!
]]></system-out>
  </testcase>
  <testcase name="testDisplayName" classname="com.atguigu.admin.Junit5Test" time="0.004"/>
  <testcase name="testAssumptions" classname="com.atguigu.admin.Junit5Test" time="0">
    <skipped message="Assumption failed: 结果不对" type="org.opentest4j.TestAbortedException">org.opentest4j.TestAbortedException: Assumption failed: 结果不对
	at com.atguigu.admin.Junit5Test.testAssumptions(Junit5Test.java:26)
</skipped>
    <system-out><![CDATA[测试就要开始了!
测试已经结束了!
]]></system-out>
  </testcase>
  <testcase name="testSimpleAssertions" classname="com.atguigu.admin.Junit5Test" time="0.004">
    <failure message="这两个对象不相同 ==&gt; expected: &lt;java.lang.Object@357bc488&gt; but was: &lt;java.lang.Object@4ea17147&gt;" type="org.opentest4j.AssertionFailedError"><![CDATA[org.opentest4j.AssertionFailedError: 这两个对象不相同 ==> expected: <java.lang.Object@357bc488> but was: <java.lang.Object@4ea17147>
	at com.atguigu.admin.Junit5Test.testSimpleAssertions(Junit5Test.java:56)
]]></failure>
    <system-out><![CDATA[测试就要开始了!
测试已经结束了!
]]></system-out>
  </testcase>
</testsuite>